Started GET "/" for 127.0.0.1 at 2023-04-04 16:12:00 +0300
  
ActiveRecord::NoDatabaseError (We could not find your database: recipe_development. Which can be found in the database configuration file located at config/database.yml.

To resolve this issue:

- Did you create the database for this app, or delete it? You may need to create your database.
- Has the database name changed? Check your database.yml config has the correct database name.

To create your database, run:

        bin/rails db:create
):
  
activerecord (7.0.4.3) lib/active_record/connection_adapters/postgresql_adapter.rb:81:in `rescue in new_client'
activerecord (7.0.4.3) lib/active_record/connection_adapters/postgresql_adapter.rb:77:in `new_client'
activerecord (7.0.4.3) lib/active_record/connection_adapters/postgresql_adapter.rb:37:in `postgresql_connection'
activerecord (7.0.4.3) lib/active_record/connection_adapters/abstract/connection_pool.rb:656:in `public_send'
activerecord (7.0.4.3) lib/active_record/connection_adapters/abstract/connection_pool.rb:656:in `new_connection'
activerecord (7.0.4.3) lib/active_record/connection_adapters/abstract/connection_pool.rb:700:in `checkout_new_connection'
activerecord (7.0.4.3) lib/active_record/connection_adapters/abstract/connection_pool.rb:679:in `try_to_checkout_new_connection'
activerecord (7.0.4.3) lib/active_record/connection_adapters/abstract/connection_pool.rb:640:in `acquire_connection'
activerecord (7.0.4.3) lib/active_record/connection_adapters/abstract/connection_pool.rb:341:in `checkout'
activerecord (7.0.4.3) lib/active_record/connection_adapters/abstract/connection_pool.rb:181:in `connection'
activerecord (7.0.4.3) lib/active_record/connection_adapters/abstract/connection_handler.rb:211:in `retrieve_connection'
activerecord (7.0.4.3) lib/active_record/connection_handling.rb:313:in `retrieve_connection'
activerecord (7.0.4.3) lib/active_record/connection_handling.rb:280:in `connection'
activerecord (7.0.4.3) lib/active_record/migration.rb:613:in `connection'
activerecord (7.0.4.3) lib/active_record/migration.rb:608:in `build_watcher'
activerecord (7.0.4.3) lib/active_record/migration.rb:590:in `block in call'
activerecord (7.0.4.3) lib/active_record/migration.rb:589:in `synchronize'
activerecord (7.0.4.3) lib/active_record/migration.rb:589:in `call'
actionpack (7.0.4.3) lib/action_dispatch/middleware/callbacks.rb:27:in `block in call'
activesupport (7.0.4.3) lib/active_support/callbacks.rb:99:in `run_callbacks'
actionpack (7.0.4.3) lib/action_dispatch/middleware/callbacks.rb:26:in `call'
actionpack (7.0.4.3) lib/action_dispatch/middleware/executor.rb:14:in `call'
actionpack (7.0.4.3) lib/action_dispatch/middleware/actionable_exceptions.rb:17:in `call'
actionpack (7.0.4.3) lib/action_dispatch/middleware/debug_exceptions.rb:28:in `call'
web-console (4.2.0) lib/web_console/middleware.rb:132:in `call_app'
web-console (4.2.0) lib/web_console/middleware.rb:28:in `block in call'
web-console (4.2.0) lib/web_console/middleware.rb:17:in `catch'
web-console (4.2.0) lib/web_console/middleware.rb:17:in `call'
actionpack (7.0.4.3) lib/action_dispatch/middleware/show_exceptions.rb:26:in `call'
railties (7.0.4.3) lib/rails/rack/logger.rb:40:in `call_app'
railties (7.0.4.3) lib/rails/rack/logger.rb:25:in `block in call'
activesupport (7.0.4.3) lib/active_support/tagged_logging.rb:99:in `block in tagged'
activesupport (7.0.4.3) lib/active_support/tagged_logging.rb:37:in `tagged'
activesupport (7.0.4.3) lib/active_support/tagged_logging.rb:99:in `tagged'
railties (7.0.4.3) lib/rails/rack/logger.rb:25:in `call'
sprockets-rails (3.4.2) lib/sprockets/rails/quiet_assets.rb:13:in `call'
actionpack (7.0.4.3) lib/action_dispatch/middleware/remote_ip.rb:93:in `call'
actionpack (7.0.4.3) lib/action_dispatch/middleware/request_id.rb:26:in `call'
rack (2.2.6.4) lib/rack/method_override.rb:24:in `call'
rack (2.2.6.4) lib/rack/runtime.rb:22:in `call'
activesupport (7.0.4.3) lib/active_support/cache/strategy/local_cache_middleware.rb:29:in `call'
actionpack (7.0.4.3) lib/action_dispatch/middleware/server_timing.rb:61:in `block in call'
actionpack (7.0.4.3) lib/action_dispatch/middleware/server_timing.rb:26:in `collect_events'
actionpack (7.0.4.3) lib/action_dispatch/middleware/server_timing.rb:60:in `call'
actionpack (7.0.4.3) lib/action_dispatch/middleware/executor.rb:14:in `call'
actionpack (7.0.4.3) lib/action_dispatch/middleware/static.rb:23:in `call'
rack (2.2.6.4) lib/rack/sendfile.rb:110:in `call'
actionpack (7.0.4.3) lib/action_dispatch/middleware/host_authorization.rb:137:in `call'
railties (7.0.4.3) lib/rails/engine.rb:530:in `call'
puma (5.6.5) lib/puma/configuration.rb:252:in `call'
puma (5.6.5) lib/puma/request.rb:77:in `block in handle_request'
puma (5.6.5) lib/puma/thread_pool.rb:340:in `with_force_shutdown'
puma (5.6.5) lib/puma/request.rb:76:in `handle_request'
puma (5.6.5) lib/puma/server.rb:443:in `process_client'
puma (5.6.5) lib/puma/thread_pool.rb:147:in `block in spawn_thread'
Started GET "/" for 127.0.0.1 at 2023-04-04 16:16:38 +0300
Processing by Rails::WelcomeController#index as HTML
  Rendering /home/maina/.rbenv/versions/3.1.0/lib/ruby/gems/3.1.0/gems/railties-7.0.4.3/lib/rails/templates/rails/welcome/index.html.erb
  Rendered /home/maina/.rbenv/versions/3.1.0/lib/ruby/gems/3.1.0/gems/railties-7.0.4.3/lib/rails/templates/rails/welcome/index.html.erb (Duration: 0.7ms | Allocations: 304)
Completed 200 OK in 5ms (Views: 1.8ms | ActiveRecord: 0.0ms | Allocations: 2796)


Started GET "/" for 127.0.0.1 at 2023-04-04 17:04:48 +0300
Processing by Rails::WelcomeController#index as HTML
  Rendering /home/maina/.rbenv/versions/3.1.0/lib/ruby/gems/3.1.0/gems/railties-7.0.4.3/lib/rails/templates/rails/welcome/index.html.erb
  Rendered /home/maina/.rbenv/versions/3.1.0/lib/ruby/gems/3.1.0/gems/railties-7.0.4.3/lib/rails/templates/rails/welcome/index.html.erb (Duration: 1.0ms | Allocations: 529)
Completed 200 OK in 6ms (Views: 2.5ms | ActiveRecord: 0.0ms | Allocations: 3759)


Started GET "/" for 127.0.0.1 at 2023-04-04 17:04:49 +0300
Processing by Rails::WelcomeController#index as HTML
  Rendering /home/maina/.rbenv/versions/3.1.0/lib/ruby/gems/3.1.0/gems/railties-7.0.4.3/lib/rails/templates/rails/welcome/index.html.erb
  Rendered /home/maina/.rbenv/versions/3.1.0/lib/ruby/gems/3.1.0/gems/railties-7.0.4.3/lib/rails/templates/rails/welcome/index.html.erb (Duration: 1.4ms | Allocations: 296)
Completed 200 OK in 4ms (Views: 2.9ms | ActiveRecord: 0.0ms | Allocations: 1016)


Started GET "/" for 127.0.0.1 at 2023-04-04 17:05:05 +0300
Processing by Rails::WelcomeController#index as HTML
  Rendering /home/maina/.rbenv/versions/3.1.0/lib/ruby/gems/3.1.0/gems/railties-7.0.4.3/lib/rails/templates/rails/welcome/index.html.erb
  Rendered /home/maina/.rbenv/versions/3.1.0/lib/ruby/gems/3.1.0/gems/railties-7.0.4.3/lib/rails/templates/rails/welcome/index.html.erb (Duration: 0.1ms | Allocations: 16)
Completed 200 OK in 1ms (Views: 0.3ms | ActiveRecord: 0.0ms | Allocations: 254)


Started GET "/" for 127.0.0.1 at 2023-04-04 18:04:12 +0300
Processing by Rails::WelcomeController#index as HTML
  Rendering /home/maina/.rbenv/versions/3.1.0/lib/ruby/gems/3.1.0/gems/railties-7.0.4.3/lib/rails/templates/rails/welcome/index.html.erb
  Rendered /home/maina/.rbenv/versions/3.1.0/lib/ruby/gems/3.1.0/gems/railties-7.0.4.3/lib/rails/templates/rails/welcome/index.html.erb (Duration: 1.0ms | Allocations: 529)
Completed 200 OK in 5ms (Views: 2.1ms | ActiveRecord: 0.0ms | Allocations: 3759)


Started GET "/" for 127.0.0.1 at 2023-04-04 18:34:35 +0300
Processing by HomeController#index as HTML
  Rendering layout layouts/application.html.erb
  Rendering home/index.html.erb within layouts/application
  Rendered home/index.html.erb within layouts/application (Duration: 0.3ms | Allocations: 130)
  Rendered layout layouts/application.html.erb (Duration: 186.9ms | Allocations: 84132)
Completed 500 Internal Server Error in 188ms (Allocations: 85171)


  
ActionView::Template::Error (undefined method `javascript_pack_tag' for #<ActionView::Base:0x0000000000dea8>

    '.freeze;@output_buffer.append=( javascript_pack_tag 'application', 'data-turbolinks-track': 'reload' );@output_buffer.safe_append='
                                     ^^^^^^^^^^^^^^^^^^^
Did you mean?  javascript_path
               javascript_tag):
    11:     <%= csp_meta_tag %>
    12: 
    13:     <%= stylesheet_link_tag 'application', media: 'all', 'data-turbolinks-track': 'reload' %>
    14:     <%= javascript_pack_tag 'application', 'data-turbolinks-track': 'reload' %>
    15:   </head>
    16:   <body>
    17:     <%= yield %>
  
app/views/layouts/application.html.erb:14
Started GET "/" for 127.0.0.1 at 2023-04-04 18:34:36 +0300
Processing by HomeController#index as HTML
  Rendering layout layouts/application.html.erb
  Rendering home/index.html.erb within layouts/application
  Rendered home/index.html.erb within layouts/application (Duration: 0.0ms | Allocations: 7)
  Rendered layout layouts/application.html.erb (Duration: 14.0ms | Allocations: 5731)
Completed 500 Internal Server Error in 15ms (Allocations: 6017)


  
ActionView::Template::Error (undefined method `javascript_pack_tag' for #<ActionView::Base:0x0000000000e218>

    '.freeze;@output_buffer.append=( javascript_pack_tag 'application', 'data-turbolinks-track': 'reload' );@output_buffer.safe_append='
                                     ^^^^^^^^^^^^^^^^^^^
Did you mean?  javascript_path
               javascript_tag):
    11:     <%= csp_meta_tag %>
    12: 
    13:     <%= stylesheet_link_tag 'application', media: 'all', 'data-turbolinks-track': 'reload' %>
    14:     <%= javascript_pack_tag 'application', 'data-turbolinks-track': 'reload' %>
    15:   </head>
    16:   <body>
    17:     <%= yield %>
  
app/views/layouts/application.html.erb:14
Started GET "/" for 127.0.0.1 at 2023-04-04 18:35:04 +0300
Processing by HomeController#index as HTML
  Rendering layout layouts/application.html.erb
  Rendering home/index.html.erb within layouts/application
  Rendered home/index.html.erb within layouts/application (Duration: 0.5ms | Allocations: 128)
  Rendered layout layouts/application.html.erb (Duration: 11.6ms | Allocations: 14438)
Completed 200 OK in 14ms (Views: 12.9ms | Allocations: 15282)


Started GET "/" for 127.0.0.1 at 2023-04-04 18:35:53 +0300
Processing by HomeController#index as HTML
  Rendering layout layouts/application.html.erb
  Rendering home/index.html.erb within layouts/application
  Rendered home/index.html.erb within layouts/application (Duration: 1.3ms | Allocations: 128)
  Rendered layout layouts/application.html.erb (Duration: 7.5ms | Allocations: 3054)
Completed 200 OK in 10ms (Views: 9.5ms | Allocations: 3903)


Started GET "/" for 127.0.0.1 at 2023-04-06 17:34:42 +0300
Processing by HomeController#index as HTML
  Rendering layout layouts/application.html.erb
  Rendering home/index.html.erb within layouts/application
  Rendered home/index.html.erb within layouts/application (Duration: 0.8ms | Allocations: 342)
  Rendered layout layouts/application.html.erb (Duration: 172.7ms | Allocations: 92417)
Completed 200 OK in 179ms (Views: 174.9ms | ActiveRecord: 0.0ms | Allocations: 95830)


Started GET "/" for 127.0.0.1 at 2023-04-06 17:38:03 +0300
Processing by HomeController#index as HTML
  Rendering layout layouts/application.html.erb
  Rendering home/index.html.erb within layouts/application
  Rendered home/index.html.erb within layouts/application (Duration: 0.6ms | Allocations: 342)
  Rendered layout layouts/application.html.erb (Duration: 40.5ms | Allocations: 35157)
Completed 200 OK in 46ms (Views: 42.1ms | ActiveRecord: 0.0ms | Allocations: 38570)


  [1m[35m (636.7ms)[0m  [1m[35mCREATE TABLE "schema_migrations" ("version" character varying NOT NULL PRIMARY KEY)[0m
  [1m[35m (107.5ms)[0m  [1m[35mCREATE TABLE "ar_internal_metadata" ("key" character varying NOT NULL PRIMARY KEY, "value" character varying, "created_at" timestamp(6) NOT NULL, "updated_at" timestamp(6) NOT NULL)[0m
  [1m[35m (0.3ms)[0m  [1m[34mSELECT pg_try_advisory_lock(693931032017452950)[0m
  [1m[36mActiveRecord::SchemaMigration Pluck (0.8ms)[0m  [1m[34mSELECT "schema_migrations"."version" FROM "schema_migrations" ORDER BY "schema_migrations"."version" ASC[0m
Migrating to DeviseCreateUsers (20230406145053)
  [1m[36mTRANSACTION (0.3ms)[0m  [1m[35mBEGIN[0m
  [1m[35m (68.7ms)[0m  [1m[35mCREATE TABLE "users" ("id" bigserial primary key, "email" character varying DEFAULT '' NOT NULL, "encrypted_password" character varying DEFAULT '' NOT NULL, "reset_password_token" character varying, "reset_password_sent_at" timestamp(6), "remember_created_at" timestamp(6), "created_at" timestamp(6) NOT NULL, "updated_at" timestamp(6) NOT NULL)[0m
  [1m[35m (46.9ms)[0m  [1m[35mCREATE UNIQUE INDEX "index_users_on_email" ON "users" ("email")[0m
  [1m[35m (147.1ms)[0m  [1m[35mCREATE UNIQUE INDEX "index_users_on_reset_password_token" ON "users" ("reset_password_token")[0m
  [1m[36mActiveRecord::SchemaMigration Create (0.7ms)[0m  [1m[32mINSERT INTO "schema_migrations" ("version") VALUES ($1) RETURNING "version"[0m  [["version", "20230406145053"]]
  [1m[36mTRANSACTION (33.5ms)[0m  [1m[35mCOMMIT[0m
  [1m[36mActiveRecord::InternalMetadata Load (0.3ms)[0m  [1m[34mSELECT "ar_internal_metadata".* FROM "ar_internal_metadata" WHERE "ar_internal_metadata"."key" = $1 LIMIT $2[0m  [["key", "environment"], ["LIMIT", 1]]
  [1m[36mTRANSACTION (0.2ms)[0m  [1m[35mBEGIN[0m
  [1m[36mActiveRecord::InternalMetadata Create (0.5ms)[0m  [1m[32mINSERT INTO "ar_internal_metadata" ("key", "value", "created_at", "updated_at") VALUES ($1, $2, $3, $4) RETURNING "key"[0m  [["key", "environment"], ["value", "development"], ["created_at", "2023-04-06 14:51:55.488627"], ["updated_at", "2023-04-06 14:51:55.488627"]]
  [1m[36mTRANSACTION (50.0ms)[0m  [1m[35mCOMMIT[0m
  [1m[35m (0.6ms)[0m  [1m[34mSELECT pg_advisory_unlock(693931032017452950)[0m
  [1m[36mActiveRecord::SchemaMigration Pluck (0.7ms)[0m  [1m[34mSELECT "schema_migrations"."version" FROM "schema_migrations" ORDER BY "schema_migrations"."version" ASC[0m
Started GET "/users/sign_up" for 127.0.0.1 at 2023-04-06 17:52:49 +0300
  
NoMethodError (undefined method `devise_for' for #<ActionDispatch::Routing::Mapper:0x00007f3a0f81ab78 @set=#<ActionDispatch::Routing::RouteSet:0x00007f3a1003b398>, @draw_paths=[#<Pathname:/home/maina/Desktop/recip2/recipe/config/routes>], @scope=#<ActionDispatch::Routing::Mapper::Scope:0x00007f3a0f81ab28 @hash={:path_names=>{:new=>"new", :edit=>"edit"}}, @parent=#<ActionDispatch::Routing::Mapper::Scope:0x00007f3a0ff764a8 @hash=nil, @parent=nil, @scope_level=nil>, @scope_level=nil>, @concerns={}>

  devise_for :users
  ^^^^^^^^^^):
  
config/routes.rb:2:in `block in <main>'
config/routes.rb:1:in `<main>'
Started GET "/users/sign_in" for 127.0.0.1 at 2023-04-06 17:53:16 +0300
  
NoMethodError (undefined method `devise_for' for #<ActionDispatch::Routing::Mapper:0x00007f3a0f81b848 @set=#<ActionDispatch::Routing::RouteSet:0x00007f3a1003b398>, @draw_paths=[#<Pathname:/home/maina/Desktop/recip2/recipe/config/routes>], @scope=#<ActionDispatch::Routing::Mapper::Scope:0x00007f3a0f81b7f8 @hash={:path_names=>{:new=>"new", :edit=>"edit"}}, @parent=#<ActionDispatch::Routing::Mapper::Scope:0x00007f3a0ff764a8 @hash=nil, @parent=nil, @scope_level=nil>, @scope_level=nil>, @concerns={}>

  devise_for :users
  ^^^^^^^^^^):
  
config/routes.rb:2:in `block in <main>'
config/routes.rb:1:in `<main>'
Started GET "/users/sign_in" for 127.0.0.1 at 2023-04-06 17:54:57 +0300
  [1m[36mActiveRecord::SchemaMigration Pluck (0.4ms)[0m  [1m[34mSELECT "schema_migrations"."version" FROM "schema_migrations" ORDER BY "schema_migrations"."version" ASC[0m
Processing by Devise::SessionsController#new as HTML
  Rendering layout layouts/application.html.erb
  Rendering devise/sessions/new.html.erb within layouts/application
  Rendered devise/shared/_links.html.erb (Duration: 1.5ms | Allocations: 737)
  Rendered devise/sessions/new.html.erb within layouts/application (Duration: 61.7ms | Allocations: 8158)
  Rendered layout layouts/application.html.erb (Duration: 96.0ms | Allocations: 43266)
Completed 200 OK in 119ms (Views: 100.8ms | ActiveRecord: 2.3ms | Allocations: 53970)


Started GET "/users/sign_up" for 127.0.0.1 at 2023-04-06 17:55:02 +0300
Processing by Devise::RegistrationsController#new as HTML
  Rendering layout layouts/application.html.erb
  Rendering devise/registrations/new.html.erb within layouts/application
  Rendered devise/shared/_error_messages.html.erb (Duration: 0.4ms | Allocations: 218)
  Rendered devise/shared/_links.html.erb (Duration: 0.4ms | Allocations: 152)
  Rendered devise/registrations/new.html.erb within layouts/application (Duration: 4.0ms | Allocations: 2203)
  Rendered layout layouts/application.html.erb (Duration: 7.8ms | Allocations: 4616)
Completed 200 OK in 12ms (Views: 9.5ms | ActiveRecord: 0.0ms | Allocations: 5895)


Started GET "/" for 127.0.0.1 at 2023-04-06 17:55:09 +0300
Processing by HomeController#index as HTML
  Rendering layout layouts/application.html.erb
  Rendering home/index.html.erb within layouts/application
  Rendered home/index.html.erb within layouts/application (Duration: 0.7ms | Allocations: 128)
  Rendered layout layouts/application.html.erb (Duration: 3.5ms | Allocations: 2809)
Completed 200 OK in 6ms (Views: 5.2ms | ActiveRecord: 0.0ms | Allocations: 3676)


Started GET "/" for 127.0.0.1 at 2023-04-06 17:58:40 +0300
  [1m[36mActiveRecord::SchemaMigration Pluck (0.3ms)[0m  [1m[34mSELECT "schema_migrations"."version" FROM "schema_migrations" ORDER BY "schema_migrations"."version" ASC[0m
Processing by HomeController#index as HTML
  Rendering layout layouts/application.html.erb
  Rendering home/index.html.erb within layouts/application
  Rendered home/index.html.erb within layouts/application (Duration: 0.9ms | Allocations: 340)
  Rendered layout layouts/application.html.erb (Duration: 33.3ms | Allocations: 35459)
Completed 200 OK in 40ms (Views: 35.4ms | ActiveRecord: 0.0ms | Allocations: 38904)


  [1m[35m (0.1ms)[0m  [1m[34mSELECT pg_try_advisory_lock(693931032017452950)[0m
  [1m[36mActiveRecord::SchemaMigration Pluck (0.4ms)[0m  [1m[34mSELECT "schema_migrations"."version" FROM "schema_migrations" ORDER BY "schema_migrations"."version" ASC[0m
Migrating to AddNameToUsers (20230406151521)
  [1m[36mTRANSACTION (0.1ms)[0m  [1m[35mBEGIN[0m
  [1m[35m (0.3ms)[0m  [1m[35mALTER TABLE "users" ADD "name" character varying[0m
  [1m[36mActiveRecord::SchemaMigration Create (0.3ms)[0m  [1m[32mINSERT INTO "schema_migrations" ("version") VALUES ($1) RETURNING "version"[0m  [["version", "20230406151521"]]
  [1m[36mTRANSACTION (23.2ms)[0m  [1m[35mCOMMIT[0m
  [1m[36mActiveRecord::InternalMetadata Load (0.3ms)[0m  [1m[34mSELECT "ar_internal_metadata".* FROM "ar_internal_metadata" WHERE "ar_internal_metadata"."key" = $1 LIMIT $2[0m  [["key", "environment"], ["LIMIT", 1]]
  [1m[35m (0.2ms)[0m  [1m[34mSELECT pg_advisory_unlock(693931032017452950)[0m
  [1m[36mActiveRecord::SchemaMigration Pluck (0.4ms)[0m  [1m[34mSELECT "schema_migrations"."version" FROM "schema_migrations" ORDER BY "schema_migrations"."version" ASC[0m
  [1m[35m (0.1ms)[0m  [1m[34mSELECT pg_try_advisory_lock(693931032017452950)[0m
  [1m[36mActiveRecord::SchemaMigration Pluck (0.4ms)[0m  [1m[34mSELECT "schema_migrations"."version" FROM "schema_migrations" ORDER BY "schema_migrations"."version" ASC[0m
Migrating to CreateFoods (20230406152040)
  [1m[36mTRANSACTION (0.3ms)[0m  [1m[35mBEGIN[0m
  [1m[35m (122.8ms)[0m  [1m[35mCREATE TABLE "foods" ("id" bigserial primary key, "name" character varying, "measurement_unit" character varying, "price" integer, "quantity" character varying, "created_at" timestamp(6) NOT NULL, "updated_at" timestamp(6) NOT NULL)[0m
  [1m[36mActiveRecord::SchemaMigration Create (0.5ms)[0m  [1m[32mINSERT INTO "schema_migrations" ("version") VALUES ($1) RETURNING "version"[0m  [["version", "20230406152040"]]
  [1m[36mTRANSACTION (16.4ms)[0m  [1m[35mCOMMIT[0m
Migrating to CreateRecips (20230406153227)
  [1m[36mTRANSACTION (0.3ms)[0m  [1m[35mBEGIN[0m
  [1m[35m (74.8ms)[0m  [1m[35mCREATE TABLE "recips" ("id" bigserial primary key, "name" character varying, "preparation_time" character varying, "cooking_time" character varying, "description" text, "public" boolean DEFAULT FALSE, "created_at" timestamp(6) NOT NULL, "updated_at" timestamp(6) NOT NULL)[0m
  [1m[36mActiveRecord::SchemaMigration Create (0.3ms)[0m  [1m[32mINSERT INTO "schema_migrations" ("version") VALUES ($1) RETURNING "version"[0m  [["version", "20230406153227"]]
  [1m[36mTRANSACTION (13.6ms)[0m  [1m[35mCOMMIT[0m
Migrating to CreateRecipeFoods (20230406153403)
  [1m[36mTRANSACTION (0.3ms)[0m  [1m[35mBEGIN[0m
  [1m[35m (115.6ms)[0m  [1m[35mCREATE TABLE "recipe_foods" ("id" bigserial primary key, "quantity" character varying, "created_at" timestamp(6) NOT NULL, "updated_at" timestamp(6) NOT NULL)[0m
  [1m[36mActiveRecord::SchemaMigration Create (0.4ms)[0m  [1m[32mINSERT INTO "schema_migrations" ("version") VALUES ($1) RETURNING "version"[0m  [["version", "20230406153403"]]
  [1m[36mTRANSACTION (13.8ms)[0m  [1m[35mCOMMIT[0m
Migrating to AddUserRefToRecip (20230406155245)
  [1m[36mTRANSACTION (0.2ms)[0m  [1m[35mBEGIN[0m
  [1m[35m (0.5ms)[0m  [1m[35mALTER TABLE "recips" ADD "author_id" bigint NOT NULL[0m
  [1m[35m (39.9ms)[0m  [1m[35mCREATE INDEX "index_recips_on_author_id" ON "recips" ("author_id")[0m
  [1m[35m (23.9ms)[0m  [1m[35mALTER TABLE "recips" ADD CONSTRAINT "fk_rails_c0ff0a970b"
FOREIGN KEY ("author_id")
  REFERENCES "users" ("id")
[0m
  [1m[36mActiveRecord::SchemaMigration Create (0.3ms)[0m  [1m[32mINSERT INTO "schema_migrations" ("version") VALUES ($1) RETURNING "version"[0m  [["version", "20230406155245"]]
  [1m[36mTRANSACTION (65.0ms)[0m  [1m[35mCOMMIT[0m
Migrating to AddUserRefToFood (20230406155337)
  [1m[36mTRANSACTION (0.2ms)[0m  [1m[35mBEGIN[0m
  [1m[35m (0.5ms)[0m  [1m[35mALTER TABLE "foods" ADD "author_id" bigint NOT NULL[0m
  [1m[35m (39.6ms)[0m  [1m[35mCREATE INDEX "index_foods_on_author_id" ON "foods" ("author_id")[0m
  [1m[35m (1.3ms)[0m  [1m[35mALTER TABLE "foods" ADD CONSTRAINT "fk_rails_0413fb4083"
FOREIGN KEY ("author_id")
  REFERENCES "users" ("id")
[0m
  [1m[36mActiveRecord::SchemaMigration Create (0.3ms)[0m  [1m[32mINSERT INTO "schema_migrations" ("version") VALUES ($1) RETURNING "version"[0m  [["version", "20230406155337"]]
  [1m[36mTRANSACTION (22.0ms)[0m  [1m[35mCOMMIT[0m
Migrating to AddRecipRefToRecipeFood (20230406155501)
  [1m[36mTRANSACTION (0.2ms)[0m  [1m[35mBEGIN[0m
  [1m[35m (1.1ms)[0m  [1m[35mALTER TABLE "recipe_foods" ADD "recip_id" bigint NOT NULL[0m
  [1m[35m (39.4ms)[0m  [1m[35mCREATE INDEX "index_recipe_foods_on_recip_id" ON "recipe_foods" ("recip_id")[0m
  [1m[35m (1.5ms)[0m  [1m[35mALTER TABLE "recipe_foods" ADD CONSTRAINT "fk_rails_1903efdb3a"
FOREIGN KEY ("recip_id")
  REFERENCES "recips" ("id")
[0m
  [1m[36mActiveRecord::SchemaMigration Create (0.4ms)[0m  [1m[32mINSERT INTO "schema_migrations" ("version") VALUES ($1) RETURNING "version"[0m  [["version", "20230406155501"]]
  [1m[36mTRANSACTION (22.6ms)[0m  [1m[35mCOMMIT[0m
Migrating to AddFoodRefToRecipeFood (20230406155534)
  [1m[36mTRANSACTION (0.3ms)[0m  [1m[35mBEGIN[0m
  [1m[35m (0.5ms)[0m  [1m[35mALTER TABLE "recipe_foods" ADD "food_id" bigint NOT NULL[0m
  [1m[35m (46.8ms)[0m  [1m[35mCREATE INDEX "index_recipe_foods_on_food_id" ON "recipe_foods" ("food_id")[0m
  [1m[35m (1.4ms)[0m  [1m[35mALTER TABLE "recipe_foods" ADD CONSTRAINT "fk_rails_cef9648c35"
FOREIGN KEY ("food_id")
  REFERENCES "foods" ("id")
[0m
  [1m[36mActiveRecord::SchemaMigration Create (0.6ms)[0m  [1m[32mINSERT INTO "schema_migrations" ("version") VALUES ($1) RETURNING "version"[0m  [["version", "20230406155534"]]
  [1m[36mTRANSACTION (22.2ms)[0m  [1m[35mCOMMIT[0m
  [1m[36mActiveRecord::InternalMetadata Load (0.2ms)[0m  [1m[34mSELECT "ar_internal_metadata".* FROM "ar_internal_metadata" WHERE "ar_internal_metadata"."key" = $1 LIMIT $2[0m  [["key", "environment"], ["LIMIT", 1]]
  [1m[35m (0.3ms)[0m  [1m[34mSELECT pg_advisory_unlock(693931032017452950)[0m
  [1m[36mActiveRecord::SchemaMigration Pluck (0.2ms)[0m  [1m[34mSELECT "schema_migrations"."version" FROM "schema_migrations" ORDER BY "schema_migrations"."version" ASC[0m
Started GET "/" for 127.0.0.1 at 2023-04-06 19:18:35 +0300
  [1m[36mActiveRecord::SchemaMigration Pluck (0.3ms)[0m  [1m[34mSELECT "schema_migrations"."version" FROM "schema_migrations" ORDER BY "schema_migrations"."version" ASC[0m
Processing by HomeController#index as HTML
  Rendering layout layouts/application.html.erb
  Rendering home/index.html.erb within layouts/application
  Rendered home/index.html.erb within layouts/application (Duration: 1.0ms | Allocations: 340)
  Rendered layout layouts/application.html.erb (Duration: 31.8ms | Allocations: 35877)
Completed 200 OK in 45ms (Views: 41.3ms | ActiveRecord: 0.0ms | Allocations: 39313)


Started GET "/" for 127.0.0.1 at 2023-04-07 00:21:34 +0300
  [1m[36mActiveRecord::SchemaMigration Pluck (0.9ms)[0m  [1m[34mSELECT "schema_migrations"."version" FROM "schema_migrations" ORDER BY "schema_migrations"."version" ASC[0m
Processing by HomeController#index as HTML
  Rendering layout layouts/application.html.erb
  Rendering home/index.html.erb within layouts/application
  Rendered home/index.html.erb within layouts/application (Duration: 0.5ms | Allocations: 340)
  Rendered layout layouts/application.html.erb (Duration: 147.7ms | Allocations: 35786)
Completed 200 OK in 152ms (Views: 149.3ms | ActiveRecord: 0.0ms | Allocations: 39221)


Started GET "/" for 127.0.0.1 at 2023-04-07 10:30:31 +0300
  [1m[36mActiveRecord::SchemaMigration Pluck (147.0ms)[0m  [1m[34mSELECT "schema_migrations"."version" FROM "schema_migrations" ORDER BY "schema_migrations"."version" ASC[0m
Processing by HomeController#index as HTML
  Rendering layout layouts/application.html.erb
  Rendering home/index.html.erb within layouts/application
  Rendered home/index.html.erb within layouts/application (Duration: 23.3ms | Allocations: 340)
  Rendered layout layouts/application.html.erb (Duration: 1163.4ms | Allocations: 35854)
Completed 200 OK in 1237ms (Views: 1174.1ms | ActiveRecord: 0.0ms | Allocations: 39298)


Started GET "/foods" for 127.0.0.1 at 2023-04-07 10:35:12 +0300
  [1m[36mActiveRecord::SchemaMigration Pluck (0.3ms)[0m  [1m[34mSELECT "schema_migrations"."version" FROM "schema_migrations" ORDER BY "schema_migrations"."version" ASC[0m
Processing by FoodsController#index as HTML
  Rendering layout layouts/application.html.erb
  Rendering foods/index.html.erb within layouts/application
  [1m[36mFood Load (103.7ms)[0m  [1m[34mSELECT "foods".* FROM "foods"[0m
  ↳ app/views/foods/index.html.erb:6
  Rendered foods/index.html.erb within layouts/application (Duration: 110.1ms | Allocations: 1831)
  Rendered layout layouts/application.html.erb (Duration: 149.2ms | Allocations: 36839)
Completed 200 OK in 207ms (Views: 49.2ms | ActiveRecord: 103.7ms | Allocations: 42385)


Started GET "/foods/new" for 127.0.0.1 at 2023-04-07 10:35:26 +0300
Processing by FoodsController#new as HTML
  Rendering layout layouts/application.html.erb
  Rendering foods/new.html.erb within layouts/application
  Rendered foods/_form.html.erb (Duration: 72.4ms | Allocations: 2182)
  Rendered foods/new.html.erb within layouts/application (Duration: 73.8ms | Allocations: 2521)
  Rendered layout layouts/application.html.erb (Duration: 78.1ms | Allocations: 4856)
Completed 200 OK in 219ms (Views: 78.8ms | ActiveRecord: 113.8ms | Allocations: 10612)


Started POST "/foods" for 127.0.0.1 at 2023-04-07 10:35:31 +0300
Processing by FoodsController#create as TURBO_STREAM
  Parameters: {"authenticity_token"=>"[FILTERED]", "commit"=>"Create Food"}
  Rendering layout layouts/application.html.erb
  Rendering foods/new.html.erb within layouts/application
  Rendered foods/_form.html.erb (Duration: 3.3ms | Allocations: 2712)
  Rendered foods/new.html.erb within layouts/application (Duration: 3.5ms | Allocations: 2813)
  Rendered layout layouts/application.html.erb (Duration: 5.6ms | Allocations: 5140)
Completed 422 Unprocessable Entity in 25ms (Views: 6.0ms | ActiveRecord: 0.0ms | Allocations: 9202)


Started GET "/foods" for 127.0.0.1 at 2023-04-07 10:35:47 +0300
Processing by FoodsController#index as HTML
  Rendering layout layouts/application.html.erb
  Rendering foods/index.html.erb within layouts/application
  [1m[36mFood Load (0.4ms)[0m  [1m[34mSELECT "foods".* FROM "foods"[0m
  ↳ app/views/foods/index.html.erb:6
  Rendered foods/index.html.erb within layouts/application (Duration: 3.1ms | Allocations: 878)
  Rendered layout layouts/application.html.erb (Duration: 6.5ms | Allocations: 3078)
Completed 200 OK in 8ms (Views: 6.8ms | ActiveRecord: 0.4ms | Allocations: 3373)


Started GET "/recipe" for 127.0.0.1 at 2023-04-07 10:36:41 +0300
  
ActionController::RoutingError (No route matches [GET] "/recipe"):
  
Started GET "/recip" for 127.0.0.1 at 2023-04-07 10:36:48 +0300
  
ActionController::RoutingError (No route matches [GET] "/recip"):
  
Started GET "/recips" for 127.0.0.1 at 2023-04-07 10:36:57 +0300
Processing by RecipsController#index as HTML
  Rendering layout layouts/application.html.erb
  Rendering recips/index.html.erb within layouts/application
  [1m[36mRecip Load (31.6ms)[0m  [1m[34mSELECT "recips".* FROM "recips"[0m
  ↳ app/views/recips/index.html.erb:6
  Rendered recips/index.html.erb within layouts/application (Duration: 44.5ms | Allocations: 4330)
  Rendered layout layouts/application.html.erb (Duration: 58.8ms | Allocations: 18436)
Completed 200 OK in 99ms (Views: 61.3ms | ActiveRecord: 35.6ms | Allocations: 21287)


Started GET "/recips/new" for 127.0.0.1 at 2023-04-07 10:37:13 +0300
Processing by RecipsController#new as HTML
  Rendering layout layouts/application.html.erb
  Rendering recips/new.html.erb within layouts/application
  Rendered recips/_form.html.erb (Duration: 2.7ms | Allocations: 2147)
  Rendered recips/new.html.erb within layouts/application (Duration: 3.4ms | Allocations: 2467)
  Rendered layout layouts/application.html.erb (Duration: 5.5ms | Allocations: 4804)
Completed 200 OK in 30ms (Views: 6.0ms | ActiveRecord: 7.1ms | Allocations: 13034)


Started POST "/recips" for 127.0.0.1 at 2023-04-07 10:37:15 +0300
Processing by RecipsController#create as TURBO_STREAM
  Parameters: {"authenticity_token"=>"[FILTERED]", "commit"=>"Create Recip"}
  Rendering layout layouts/application.html.erb
  Rendering recips/new.html.erb within layouts/application
  Rendered recips/_form.html.erb (Duration: 4.3ms | Allocations: 2976)
  Rendered recips/new.html.erb within layouts/application (Duration: 4.6ms | Allocations: 3077)
  Rendered layout layouts/application.html.erb (Duration: 7.4ms | Allocations: 5404)
Completed 422 Unprocessable Entity in 13ms (Views: 7.9ms | ActiveRecord: 0.0ms | Allocations: 8220)


Started GET "/recips" for 127.0.0.1 at 2023-04-07 10:37:25 +0300
Processing by RecipsController#index as HTML
  Rendering layout layouts/application.html.erb
  Rendering recips/index.html.erb within layouts/application
  [1m[36mRecip Load (0.3ms)[0m  [1m[34mSELECT "recips".* FROM "recips"[0m
  ↳ app/views/recips/index.html.erb:6
  Rendered recips/index.html.erb within layouts/application (Duration: 2.8ms | Allocations: 885)
  Rendered layout layouts/application.html.erb (Duration: 6.6ms | Allocations: 3084)
Completed 200 OK in 8ms (Views: 7.0ms | ActiveRecord: 0.3ms | Allocations: 3369)


